<?xml version="1.0" encoding="UTF-8"?>
<testng-results ignored="0" total="1" passed="1" failed="0" skipped="0">
  <reporter-output>
  </reporter-output>
  <suite started-at="2023-07-02T15:07:08Z" name="Suite" finished-at="2023-07-02T15:07:10Z" duration-ms="1750">
    <groups>
    </groups>
    <test started-at="2023-07-02T15:07:08Z" name="Test" finished-at="2023-07-02T15:07:10Z" duration-ms="1750">
      <class name="testcases.HomePageTest">
        <test-method signature="ValidateHomePage()[pri:0, instance:testcases.HomePageTest@6e0f5f7f]" started-at="2023-07-02T15:07:08Z" name="ValidateHomePage" finished-at="2023-07-02T15:07:10Z" duration-ms="1662" status="PASS">
          <reporter-output>
          </reporter-output>
        </test-method> <!-- ValidateHomePage -->
        <test-method is-config="true" signature="AfterTest()[pri:0, instance:testcases.HomePageTest@6e0f5f7f]" started-at="2023-07-02T15:07:10Z" name="AfterTest" finished-at="2023-07-02T15:07:10Z" duration-ms="72" status="PASS">
          <reporter-output>
          </reporter-output>
        </test-method> <!-- AfterTest -->
      </class> <!-- testcases.HomePageTest -->
    </test> <!-- Test -->
  </suite> <!-- Suite -->
</testng-results>
